0 info it worked if it ends with ok
1 verbose cli [ 'nodejs', '/usr/bin/npm', 'link', 'pegjs' ]
2 info using npm@1.1.39
3 info using node@v0.8.2
4 verbose config file /home/nlo/.npmrc
5 verbose config file /usr/etc/npmrc
6 verbose config file /usr/lib/nodejs/npm/npmrc
7 info /home/nlo/Private/wool/node_modules/pegjs unbuild
8 verbose read json /home/nlo/Private/wool/node_modules/pegjs/package.json
9 verbose link symlinking /usr/lib/node_modules/pegjs to /home/nlo/Private/wool/node_modules/pegjs
10 info build /home/nlo/Private/wool/node_modules/pegjs
11 verbose read json /home/nlo/Private/wool/node_modules/pegjs/package.json
12 info preinstall pegjs@0.7.0
13 verbose linkStuff [ false, false, false, '/home/nlo/Private/wool/node_modules' ]
14 info linkStuff pegjs@0.7.0
15 verbose linkBins pegjs@0.7.0
16 verbose link bins [ { pegjs: 'bin/pegjs' },
16 verbose link bins   '/home/nlo/Private/wool/node_modules/.bin',
16 verbose link bins   false ]
17 verbose linkMans pegjs@0.7.0
18 verbose rebuildBundles pegjs@0.7.0
19 error Error: EPERM, chmod '/home/nlo/Private/wool/node_modules/pegjs/bin/pegjs'
19 error  { [Error: EPERM, chmod '/home/nlo/Private/wool/node_modules/pegjs/bin/pegjs']
19 error   errno: 50,
19 error   code: 'EPERM',
19 error   path: '/home/nlo/Private/wool/node_modules/pegjs/bin/pegjs' }
20 error Please try running this command again as root/Administrator.
21 error System Linux 3.2.0-25-generic
22 error command "nodejs" "/usr/bin/npm" "link" "pegjs"
23 error cwd /home/nlo/Private/wool
24 error node -v v0.8.2
25 error npm -v 1.1.39
26 error path /home/nlo/Private/wool/node_modules/pegjs/bin/pegjs
27 error code EPERM
28 error message EPERM, chmod '/home/nlo/Private/wool/node_modules/pegjs/bin/pegjs'
29 error errno 50
30 error 50 errno
31 verbose exit [ 50, true ]
